<?xml version="1.0" encoding="UTF-8"?>
<testsuite xmlns:xsi="http://www.w3.org/2001/XMLSchema-instance" xsi:noNamespaceSchemaLocation="https://maven.apache.org/surefire/maven-surefire-plugin/xsd/surefire-test-report-3.0.xsd" version="3.0" name="com.aicodeeditor.BasicTest" time="0.229" tests="3" errors="0" skipped="0" failures="0">
  <properties>
[...]
</properties>
  <testcase name="testPrivilegeManager" classname="com.aicodeeditor.BasicTest" time="0.057">
    <system-err><![CDATA[SLF4J: Failed to load class "org.slf4j.impl.StaticLoggerBinder".
SLF4J: Defaulting to no-operation (NOP) logger implementation
SLF4J: See http://www.slf4j.org/codes.html#StaticLoggerBinder for further details.
]]></system-err>
  </testcase>
  <testcase name="testConfigurationManager" classname="com.aicodeeditor.BasicTest" time="0.115"/>
  <testcase name="testConfigurationDefaults" classname="com.aicodeeditor.BasicTest" time="0.033"/>
</testsuite>